-------------------------------------------------------------------------------
Test set: com.blc.repository.DatabaseConnectionTest
-------------------------------------------------------------------------------
Tests run: 1, Failures: 0, Errors: 1, Skipped: 0, Time elapsed: 0.049 s <<< FAILURE! -- in com.blc.repository.DatabaseConnectionTest
com.blc.repository.DatabaseConnectionTest.testGetConnection -- Time elapsed: 0.041 s <<< ERROR!
java.lang.RuntimeException: Failed to connect to the database
	at com.blc.repository.DatabaseConnectionTest.testGetConnection(DatabaseConnectionTest.java:19)
	at java.base/java.lang.reflect.Method.invoke(Method.java:580)
	at java.base/java.util.ArrayList.forEach(ArrayList.java:1597)
	at java.base/java.util.ArrayList.forEach(ArrayList.java:1597)
Caused by: java.lang.RuntimeException: Error connecting to the database
	at com.blc.backend.repository.DatabaseConnection.getConnection(DatabaseConnection.java:33)
	at com.blc.repository.DatabaseConnectionTest.testGetConnection(DatabaseConnectionTest.java:14)
	... 3 more
Caused by: java.lang.ClassNotFoundException: com.mysql.cj.jdbc.Driver
	at java.base/jdk.internal.loader.BuiltinClassLoader.loadClass(BuiltinClassLoader.java:641)
	at java.base/jdk.internal.loader.ClassLoaders$AppClassLoader.loadClass(ClassLoaders.java:188)
	at java.base/java.lang.ClassLoader.loadClass(ClassLoader.java:528)
	at java.base/java.lang.Class.forName0(Native Method)
	at java.base/java.lang.Class.forName(Class.java:462)
	at java.base/java.lang.Class.forName(Class.java:453)
	at com.blc.backend.repository.DatabaseConnection.getConnection(DatabaseConnection.java:27)
	... 4 more

